[0.057s] Invoking command in '/home/ayush/turtlebot3_ws/build/turtlebot3_simulations': CMAKE_PREFIX_PATH=/home/ayush/turtlebot3_ws/install/turtlebot3_gazebo:/home/ayush/turtlebot3_ws/install/turtlebot3_fake_node:/home/ayush/turtlebot3_ws/install/turtlebot3_simulations:/opt/ros/humble /usr/bin/cmake --build /home/ayush/turtlebot3_ws/build/turtlebot3_simulations -- -j12 -l12
[0.090s] Invoked command in '/home/ayush/turtlebot3_ws/build/turtlebot3_simulations' returned '0': CMAKE_PREFIX_PATH=/home/ayush/turtlebot3_ws/install/turtlebot3_gazebo:/home/ayush/turtlebot3_ws/install/turtlebot3_fake_node:/home/ayush/turtlebot3_ws/install/turtlebot3_simulations:/opt/ros/humble /usr/bin/cmake --build /home/ayush/turtlebot3_ws/build/turtlebot3_simulations -- -j12 -l12
[0.110s] Invoking command in '/home/ayush/turtlebot3_ws/build/turtlebot3_simulations': CMAKE_PREFIX_PATH=/home/ayush/turtlebot3_ws/install/turtlebot3_gazebo:/home/ayush/turtlebot3_ws/install/turtlebot3_fake_node:/home/ayush/turtlebot3_ws/install/turtlebot3_simulations:/opt/ros/humble /usr/bin/cmake --install /home/ayush/turtlebot3_ws/build/turtlebot3_simulations
[0.116s] -- Install configuration: ""
[0.116s] -- Up-to-date: /home/ayush/turtlebot3_ws/install/turtlebot3_simulations/share/ament_index/resource_index/package_run_dependencies/turtlebot3_simulations
[0.116s] -- Up-to-date: /home/ayush/turtlebot3_ws/install/turtlebot3_simulations/share/ament_index/resource_index/parent_prefix_path/turtlebot3_simulations
[0.116s] -- Up-to-date: /home/ayush/turtlebot3_ws/install/turtlebot3_simulations/share/turtlebot3_simulations/environment/ament_prefix_path.sh
[0.116s] -- Up-to-date: /home/ayush/turtlebot3_ws/install/turtlebot3_simulations/share/turtlebot3_simulations/environment/ament_prefix_path.dsv
[0.116s] -- Up-to-date: /home/ayush/turtlebot3_ws/install/turtlebot3_simulations/share/turtlebot3_simulations/environment/path.sh
[0.116s] -- Up-to-date: /home/ayush/turtlebot3_ws/install/turtlebot3_simulations/share/turtlebot3_simulations/environment/path.dsv
[0.117s] -- Up-to-date: /home/ayush/turtlebot3_ws/install/turtlebot3_simulations/share/turtlebot3_simulations/local_setup.bash
[0.117s] -- Up-to-date: /home/ayush/turtlebot3_ws/install/turtlebot3_simulations/share/turtlebot3_simulations/local_setup.sh
[0.117s] -- Up-to-date: /home/ayush/turtlebot3_ws/install/turtlebot3_simulations/share/turtlebot3_simulations/local_setup.zsh
[0.117s] -- Up-to-date: /home/ayush/turtlebot3_ws/install/turtlebot3_simulations/share/turtlebot3_simulations/local_setup.dsv
[0.117s] -- Up-to-date: /home/ayush/turtlebot3_ws/install/turtlebot3_simulations/share/turtlebot3_simulations/package.dsv
[0.117s] -- Up-to-date: /home/ayush/turtlebot3_ws/install/turtlebot3_simulations/share/ament_index/resource_index/packages/turtlebot3_simulations
[0.117s] -- Up-to-date: /home/ayush/turtlebot3_ws/install/turtlebot3_simulations/share/turtlebot3_simulations/cmake/turtlebot3_simulationsConfig.cmake
[0.117s] -- Up-to-date: /home/ayush/turtlebot3_ws/install/turtlebot3_simulations/share/turtlebot3_simulations/cmake/turtlebot3_simulationsConfig-version.cmake
[0.117s] -- Up-to-date: /home/ayush/turtlebot3_ws/install/turtlebot3_simulations/share/turtlebot3_simulations/package.xml
[0.118s] Invoked command in '/home/ayush/turtlebot3_ws/build/turtlebot3_simulations' returned '0': CMAKE_PREFIX_PATH=/home/ayush/turtlebot3_ws/install/turtlebot3_gazebo:/home/ayush/turtlebot3_ws/install/turtlebot3_fake_node:/home/ayush/turtlebot3_ws/install/turtlebot3_simulations:/opt/ros/humble /usr/bin/cmake --install /home/ayush/turtlebot3_ws/build/turtlebot3_simulations
