[0.049s] Invoking command in '/home/ayush/turtlebot3_ws/build/turtlebot3_simulations': AMENT_PREFIX_PATH=/home/ayush/turtlebot3_ws/install/turtlebot3_gazebo:/home/ayush/turtlebot3_ws/install/turtlebot3_fake_node:${AMENT_PREFIX_PATH} CMAKE_PREFIX_PATH=/home/ayush/turtlebot3_ws/install/turtlebot3_gazebo:/home/ayush/turtlebot3_ws/install/turtlebot3_fake_node:/opt/ros/humble /usr/bin/cmake /home/ayush/turtlebot3_ws/src/turtlebot3_simulations -DCMAKE_INSTALL_PREFIX=/home/ayush/turtlebot3_ws/install/turtlebot3_simulations
[0.133s] -- The C compiler identification is GNU 11.4.0
[0.186s] -- The CXX compiler identification is GNU 11.4.0
[0.196s] -- Detecting C compiler ABI info
[0.256s] -- Detecting C compiler ABI info - done
[0.261s] -- Check for working C compiler: /usr/bin/cc - skipped
[0.262s] -- Detecting C compile features
[0.262s] -- Detecting C compile features - done
[0.265s] -- Detecting CXX compiler ABI info
[0.331s] -- Detecting CXX compiler ABI info - done
[0.337s] -- Check for working CXX compiler: /usr/bin/c++ - skipped
[0.337s] -- Detecting CXX compile features
[0.337s] -- Detecting CXX compile features - done
[0.346s] -- Found ament_cmake: 1.3.7 (/opt/ros/humble/share/ament_cmake/cmake)
[0.497s] -- Found Python3: /usr/bin/python3.10 (found version "3.10.12") found components: Interpreter 
[0.654s] -- Configuring done
[0.657s] -- Generating done
[0.657s] -- Build files have been written to: /home/ayush/turtlebot3_ws/build/turtlebot3_simulations
[0.661s] Invoked command in '/home/ayush/turtlebot3_ws/build/turtlebot3_simulations' returned '0': AMENT_PREFIX_PATH=/home/ayush/turtlebot3_ws/install/turtlebot3_gazebo:/home/ayush/turtlebot3_ws/install/turtlebot3_fake_node:${AMENT_PREFIX_PATH} CMAKE_PREFIX_PATH=/home/ayush/turtlebot3_ws/install/turtlebot3_gazebo:/home/ayush/turtlebot3_ws/install/turtlebot3_fake_node:/opt/ros/humble /usr/bin/cmake /home/ayush/turtlebot3_ws/src/turtlebot3_simulations -DCMAKE_INSTALL_PREFIX=/home/ayush/turtlebot3_ws/install/turtlebot3_simulations
[0.663s] Invoking command in '/home/ayush/turtlebot3_ws/build/turtlebot3_simulations': AMENT_PREFIX_PATH=/home/ayush/turtlebot3_ws/install/turtlebot3_gazebo:/home/ayush/turtlebot3_ws/install/turtlebot3_fake_node:${AMENT_PREFIX_PATH} CMAKE_PREFIX_PATH=/home/ayush/turtlebot3_ws/install/turtlebot3_gazebo:/home/ayush/turtlebot3_ws/install/turtlebot3_fake_node:/opt/ros/humble /usr/bin/cmake --build /home/ayush/turtlebot3_ws/build/turtlebot3_simulations -- -j12 -l12
[0.695s] Invoked command in '/home/ayush/turtlebot3_ws/build/turtlebot3_simulations' returned '0': AMENT_PREFIX_PATH=/home/ayush/turtlebot3_ws/install/turtlebot3_gazebo:/home/ayush/turtlebot3_ws/install/turtlebot3_fake_node:${AMENT_PREFIX_PATH} CMAKE_PREFIX_PATH=/home/ayush/turtlebot3_ws/install/turtlebot3_gazebo:/home/ayush/turtlebot3_ws/install/turtlebot3_fake_node:/opt/ros/humble /usr/bin/cmake --build /home/ayush/turtlebot3_ws/build/turtlebot3_simulations -- -j12 -l12
[0.715s] Invoking command in '/home/ayush/turtlebot3_ws/build/turtlebot3_simulations': AMENT_PREFIX_PATH=/home/ayush/turtlebot3_ws/install/turtlebot3_gazebo:/home/ayush/turtlebot3_ws/install/turtlebot3_fake_node:${AMENT_PREFIX_PATH} CMAKE_PREFIX_PATH=/home/ayush/turtlebot3_ws/install/turtlebot3_gazebo:/home/ayush/turtlebot3_ws/install/turtlebot3_fake_node:/opt/ros/humble /usr/bin/cmake --install /home/ayush/turtlebot3_ws/build/turtlebot3_simulations
[0.721s] -- Install configuration: ""
[0.721s] -- Installing: /home/ayush/turtlebot3_ws/install/turtlebot3_simulations/share/ament_index/resource_index/package_run_dependencies/turtlebot3_simulations
[0.722s] -- Installing: /home/ayush/turtlebot3_ws/install/turtlebot3_simulations/share/ament_index/resource_index/parent_prefix_path/turtlebot3_simulations
[0.722s] -- Installing: /home/ayush/turtlebot3_ws/install/turtlebot3_simulations/share/turtlebot3_simulations/environment/ament_prefix_path.sh
[0.722s] -- Installing: /home/ayush/turtlebot3_ws/install/turtlebot3_simulations/share/turtlebot3_simulations/environment/ament_prefix_path.dsv
[0.722s] -- Installing: /home/ayush/turtlebot3_ws/install/turtlebot3_simulations/share/turtlebot3_simulations/environment/path.sh
[0.722s] -- Installing: /home/ayush/turtlebot3_ws/install/turtlebot3_simulations/share/turtlebot3_simulations/environment/path.dsv
[0.722s] -- Installing: /home/ayush/turtlebot3_ws/install/turtlebot3_simulations/share/turtlebot3_simulations/local_setup.bash
[0.722s] -- Installing: /home/ayush/turtlebot3_ws/install/turtlebot3_simulations/share/turtlebot3_simulations/local_setup.sh
[0.723s] -- Installing: /home/ayush/turtlebot3_ws/install/turtlebot3_simulations/share/turtlebot3_simulations/local_setup.zsh
[0.723s] -- Installing: /home/ayush/turtlebot3_ws/install/turtlebot3_simulations/share/turtlebot3_simulations/local_setup.dsv
[0.723s] -- Installing: /home/ayush/turtlebot3_ws/install/turtlebot3_simulations/share/turtlebot3_simulations/package.dsv
[0.723s] -- Installing: /home/ayush/turtlebot3_ws/install/turtlebot3_simulations/share/ament_index/resource_index/packages/turtlebot3_simulations
[0.723s] -- Installing: /home/ayush/turtlebot3_ws/install/turtlebot3_simulations/share/turtlebot3_simulations/cmake/turtlebot3_simulationsConfig.cmake
[0.723s] -- Installing: /home/ayush/turtlebot3_ws/install/turtlebot3_simulations/share/turtlebot3_simulations/cmake/turtlebot3_simulationsConfig-version.cmake
[0.723s] -- Installing: /home/ayush/turtlebot3_ws/install/turtlebot3_simulations/share/turtlebot3_simulations/package.xml
[0.725s] Invoked command in '/home/ayush/turtlebot3_ws/build/turtlebot3_simulations' returned '0': AMENT_PREFIX_PATH=/home/ayush/turtlebot3_ws/install/turtlebot3_gazebo:/home/ayush/turtlebot3_ws/install/turtlebot3_fake_node:${AMENT_PREFIX_PATH} CMAKE_PREFIX_PATH=/home/ayush/turtlebot3_ws/install/turtlebot3_gazebo:/home/ayush/turtlebot3_ws/install/turtlebot3_fake_node:/opt/ros/humble /usr/bin/cmake --install /home/ayush/turtlebot3_ws/build/turtlebot3_simulations
