[1.025s] DEBUG:colcon:Command line arguments: ['/usr/bin/colcon', 'build']
[1.025s] DEBUG:colcon:Parsed command line arguments: Namespace(log_base=None, log_level=None, verb_name='build', build_base='build', install_base='install', merge_install=False, symlink_install=False, test_result_base=None, continue_on_error=False, executor='parallel', parallel_workers=12, event_handlers=None, ignore_user_meta=False, metas=['./colcon.meta'], base_paths=['.'], packages_ignore=None, packages_ignore_regex=None, paths=None, packages_up_to=None, packages_up_to_regex=None, packages_above=None, packages_above_and_dependencies=None, packages_above_depth=None, packages_select_by_dep=None, packages_skip_by_dep=None, packages_skip_up_to=None, packages_select_build_failed=False, packages_skip_build_finished=False, packages_select_test_failures=False, packages_skip_test_passed=False, packages_select=None, packages_skip=None, packages_select_regex=None, packages_skip_regex=None, packages_start=None, packages_end=None, allow_overriding=[], cmake_args=None, cmake_target=None, cmake_target_skip_unavailable=False, cmake_clean_cache=False, cmake_clean_first=False, cmake_force_configure=False, ament_cmake_args=None, catkin_cmake_args=None, catkin_skip_building_tests=False, verb_parser=<colcon_defaults.argument_parser.defaults.DefaultArgumentsDecorator object at 0x7fd40da78640>, verb_extension=<colcon_core.verb.build.BuildVerb object at 0x7fd40dedbeb0>, main=<bound method BuildVerb.main of <colcon_core.verb.build.BuildVerb object at 0x7fd40dedbeb0>>)
[1.094s] Level 1:colcon.colcon_core.package_discovery:discover_packages(colcon_meta) check parameters
[1.094s] Level 1:colcon.colcon_core.package_discovery:discover_packages(recursive) check parameters
[1.094s] Level 1:colcon.colcon_core.package_discovery:discover_packages(ignore) check parameters
[1.094s] Level 1:colcon.colcon_core.package_discovery:discover_packages(path) check parameters
[1.094s] Level 1:colcon.colcon_core.package_discovery:discover_packages(colcon_meta) discover
[1.094s] Level 1:colcon.colcon_core.package_discovery:discover_packages(recursive) discover
[1.094s] INFO:colcon.colcon_core.package_discovery:Crawling recursively for packages in '/home/ayush/turtlebot3_ws'
[1.094s] Level 1:colcon.colcon_core.package_identification:_identify(.) by extensions ['ignore', 'ignore_ament_install']
[1.094s] Level 1:colcon.colcon_core.package_identification:_identify(.) by extension 'ignore'
[1.094s] Level 1:colcon.colcon_core.package_identification:_identify(.) by extension 'ignore_ament_install'
[1.094s] Level 1:colcon.colcon_core.package_identification:_identify(.) by extensions ['colcon_pkg']
[1.094s] Level 1:colcon.colcon_core.package_identification:_identify(.) by extension 'colcon_pkg'
[1.095s] Level 1:colcon.colcon_core.package_identification:_identify(.) by extensions ['colcon_meta']
[1.095s] Level 1:colcon.colcon_core.package_identification:_identify(.) by extension 'colcon_meta'
[1.095s] Level 1:colcon.colcon_core.package_identification:_identify(.) by extensions ['ros']
[1.095s] Level 1:colcon.colcon_core.package_identification:_identify(.) by extension 'ros'
[1.105s] Level 1:colcon.colcon_core.package_identification:_identify(.) by extensions ['cmake', 'python']
[1.105s] Level 1:colcon.colcon_core.package_identification:_identify(.) by extension 'cmake'
[1.106s] Level 1:colcon.colcon_core.package_identification:_identify(.) by extension 'python'
[1.106s] Level 1:colcon.colcon_core.package_identification:_identify(.) by extensions ['python_setup_py']
[1.106s] Level 1:colcon.colcon_core.package_identification:_identify(.) by extension 'python_setup_py'
[1.106s] Level 1:colcon.colcon_core.package_identification:_identify(build) by extensions ['ignore', 'ignore_ament_install']
[1.106s] Level 1:colcon.colcon_core.package_identification:_identify(build) by extension 'ignore'
[1.106s] Level 1:colcon.colcon_core.package_identification:_identify(build) ignored
[1.106s] Level 1:colcon.colcon_core.package_identification:_identify(install) by extensions ['ignore', 'ignore_ament_install']
[1.106s] Level 1:colcon.colcon_core.package_identification:_identify(install) by extension 'ignore'
[1.106s] Level 1:colcon.colcon_core.package_identification:_identify(install) ignored
[1.106s] Level 1:colcon.colcon_core.package_identification:_identify(log) by extensions ['ignore', 'ignore_ament_install']
[1.106s] Level 1:colcon.colcon_core.package_identification:_identify(log) by extension 'ignore'
[1.106s] Level 1:colcon.colcon_core.package_identification:_identify(log) ignored
[1.106s] Level 1:colcon.colcon_core.package_identification:_identify(src) by extensions ['ignore', 'ignore_ament_install']
[1.106s] Level 1:colcon.colcon_core.package_identification:_identify(src) by extension 'ignore'
[1.106s] Level 1:colcon.colcon_core.package_identification:_identify(src) by extension 'ignore_ament_install'
[1.106s] Level 1:colcon.colcon_core.package_identification:_identify(src) by extensions ['colcon_pkg']
[1.106s] Level 1:colcon.colcon_core.package_identification:_identify(src) by extension 'colcon_pkg'
[1.106s] Level 1:colcon.colcon_core.package_identification:_identify(src) by extensions ['colcon_meta']
[1.106s] Level 1:colcon.colcon_core.package_identification:_identify(src) by extension 'colcon_meta'
[1.106s] Level 1:colcon.colcon_core.package_identification:_identify(src) by extensions ['ros']
[1.107s] Level 1:colcon.colcon_core.package_identification:_identify(src) by extension 'ros'
[1.107s] Level 1:colcon.colcon_core.package_identification:_identify(src) by extensions ['cmake', 'python']
[1.107s] Level 1:colcon.colcon_core.package_identification:_identify(src) by extension 'cmake'
[1.107s] Level 1:colcon.colcon_core.package_identification:_identify(src) by extension 'python'
[1.107s] Level 1:colcon.colcon_core.package_identification:_identify(src) by extensions ['python_setup_py']
[1.107s] Level 1:colcon.colcon_core.package_identification:_identify(src) by extension 'python_setup_py'
[1.107s] Level 1:colcon.colcon_core.package_identification:_identify(src/turtlebot3_fake_node) by extensions ['ignore', 'ignore_ament_install']
[1.107s] Level 1:colcon.colcon_core.package_identification:_identify(src/turtlebot3_fake_node) by extension 'ignore'
[1.107s] Level 1:colcon.colcon_core.package_identification:_identify(src/turtlebot3_fake_node) by extension 'ignore_ament_install'
[1.107s] Level 1:colcon.colcon_core.package_identification:_identify(src/turtlebot3_fake_node) by extensions ['colcon_pkg']
[1.107s] Level 1:colcon.colcon_core.package_identification:_identify(src/turtlebot3_fake_node) by extension 'colcon_pkg'
[1.107s] Level 1:colcon.colcon_core.package_identification:_identify(src/turtlebot3_fake_node) by extensions ['colcon_meta']
[1.107s] Level 1:colcon.colcon_core.package_identification:_identify(src/turtlebot3_fake_node) by extension 'colcon_meta'
[1.107s] Level 1:colcon.colcon_core.package_identification:_identify(src/turtlebot3_fake_node) by extensions ['ros']
[1.107s] Level 1:colcon.colcon_core.package_identification:_identify(src/turtlebot3_fake_node) by extension 'ros'
[1.110s] DEBUG:colcon.colcon_core.package_identification:Package 'src/turtlebot3_fake_node' with type 'ros.ament_cmake' and name 'turtlebot3_fake_node'
[1.110s] Level 1:colcon.colcon_core.package_identification:_identify(src/turtlebot3_gazebo) by extensions ['ignore', 'ignore_ament_install']
[1.110s] Level 1:colcon.colcon_core.package_identification:_identify(src/turtlebot3_gazebo) by extension 'ignore'
[1.110s] Level 1:colcon.colcon_core.package_identification:_identify(src/turtlebot3_gazebo) by extension 'ignore_ament_install'
[1.110s] Level 1:colcon.colcon_core.package_identification:_identify(src/turtlebot3_gazebo) by extensions ['colcon_pkg']
[1.110s] Level 1:colcon.colcon_core.package_identification:_identify(src/turtlebot3_gazebo) by extension 'colcon_pkg'
[1.110s] Level 1:colcon.colcon_core.package_identification:_identify(src/turtlebot3_gazebo) by extensions ['colcon_meta']
[1.110s] Level 1:colcon.colcon_core.package_identification:_identify(src/turtlebot3_gazebo) by extension 'colcon_meta'
[1.110s] Level 1:colcon.colcon_core.package_identification:_identify(src/turtlebot3_gazebo) by extensions ['ros']
[1.110s] Level 1:colcon.colcon_core.package_identification:_identify(src/turtlebot3_gazebo) by extension 'ros'
[1.111s] DEBUG:colcon.colcon_core.package_identification:Package 'src/turtlebot3_gazebo' with type 'ros.ament_cmake' and name 'turtlebot3_gazebo'
[1.111s] Level 1:colcon.colcon_core.package_identification:_identify(src/turtlebot3_simulations) by extensions ['ignore', 'ignore_ament_install']
[1.111s] Level 1:colcon.colcon_core.package_identification:_identify(src/turtlebot3_simulations) by extension 'ignore'
[1.111s] Level 1:colcon.colcon_core.package_identification:_identify(src/turtlebot3_simulations) by extension 'ignore_ament_install'
[1.111s] Level 1:colcon.colcon_core.package_identification:_identify(src/turtlebot3_simulations) by extensions ['colcon_pkg']
[1.111s] Level 1:colcon.colcon_core.package_identification:_identify(src/turtlebot3_simulations) by extension 'colcon_pkg'
[1.111s] Level 1:colcon.colcon_core.package_identification:_identify(src/turtlebot3_simulations) by extensions ['colcon_meta']
[1.111s] Level 1:colcon.colcon_core.package_identification:_identify(src/turtlebot3_simulations) by extension 'colcon_meta'
[1.111s] Level 1:colcon.colcon_core.package_identification:_identify(src/turtlebot3_simulations) by extensions ['ros']
[1.111s] Level 1:colcon.colcon_core.package_identification:_identify(src/turtlebot3_simulations) by extension 'ros'
[1.111s] DEBUG:colcon.colcon_core.package_identification:Package 'src/turtlebot3_simulations' with type 'ros.ament_cmake' and name 'turtlebot3_simulations'
[1.111s] Level 1:colcon.colcon_core.package_discovery:discover_packages(recursive) using defaults
[1.112s] Level 1:colcon.colcon_core.package_discovery:discover_packages(ignore) discover
[1.112s] Level 1:colcon.colcon_core.package_discovery:discover_packages(ignore) using defaults
[1.112s] Level 1:colcon.colcon_core.package_discovery:discover_packages(path) discover
[1.112s] Level 1:colcon.colcon_core.package_discovery:discover_packages(path) using defaults
[1.195s] Level 1:colcon.colcon_core.package_discovery:discover_packages(prefix_path) check parameters
[1.195s] Level 1:colcon.colcon_core.package_discovery:discover_packages(prefix_path) discover
[1.222s] DEBUG:colcon.colcon_installed_package_information.package_discovery:Found 393 installed packages in /opt/ros/humble
[1.223s] Level 1:colcon.colcon_core.package_discovery:discover_packages(prefix_path) using defaults
[1.310s] Level 5:colcon.colcon_core.verb:set package 'turtlebot3_fake_node' build argument 'cmake_args' from command line to 'None'
[1.310s] Level 5:colcon.colcon_core.verb:set package 'turtlebot3_fake_node' build argument 'cmake_target' from command line to 'None'
[1.310s] Level 5:colcon.colcon_core.verb:set package 'turtlebot3_fake_node' build argument 'cmake_target_skip_unavailable' from command line to 'False'
[1.311s] Level 5:colcon.colcon_core.verb:set package 'turtlebot3_fake_node' build argument 'cmake_clean_cache' from command line to 'False'
[1.311s] Level 5:colcon.colcon_core.verb:set package 'turtlebot3_fake_node' build argument 'cmake_clean_first' from command line to 'False'
[1.311s] Level 5:colcon.colcon_core.verb:set package 'turtlebot3_fake_node' build argument 'cmake_force_configure' from command line to 'False'
[1.311s] Level 5:colcon.colcon_core.verb:set package 'turtlebot3_fake_node' build argument 'ament_cmake_args' from command line to 'None'
[1.311s] Level 5:colcon.colcon_core.verb:set package 'turtlebot3_fake_node' build argument 'catkin_cmake_args' from command line to 'None'
[1.311s] Level 5:colcon.colcon_core.verb:set package 'turtlebot3_fake_node' build argument 'catkin_skip_building_tests' from command line to 'False'
[1.311s] DEBUG:colcon.colcon_core.verb:Building package 'turtlebot3_fake_node' with the following arguments: {'ament_cmake_args': None, 'build_base': '/home/ayush/turtlebot3_ws/build/turtlebot3_fake_node', 'catkin_cmake_args': None, 'catkin_skip_building_tests': False, 'cmake_args': None, 'cmake_clean_cache': False, 'cmake_clean_first': False, 'cmake_force_configure': False, 'cmake_target': None, 'cmake_target_skip_unavailable': False, 'install_base': '/home/ayush/turtlebot3_ws/install/turtlebot3_fake_node', 'merge_install': False, 'path': '/home/ayush/turtlebot3_ws/src/turtlebot3_fake_node', 'symlink_install': False, 'test_result_base': None}
[1.323s] Level 5:colcon.colcon_core.verb:set package 'turtlebot3_gazebo' build argument 'cmake_args' from command line to 'None'
[1.323s] Level 5:colcon.colcon_core.verb:set package 'turtlebot3_gazebo' build argument 'cmake_target' from command line to 'None'
[1.323s] Level 5:colcon.colcon_core.verb:set package 'turtlebot3_gazebo' build argument 'cmake_target_skip_unavailable' from command line to 'False'
[1.323s] Level 5:colcon.colcon_core.verb:set package 'turtlebot3_gazebo' build argument 'cmake_clean_cache' from command line to 'False'
[1.323s] Level 5:colcon.colcon_core.verb:set package 'turtlebot3_gazebo' build argument 'cmake_clean_first' from command line to 'False'
[1.323s] Level 5:colcon.colcon_core.verb:set package 'turtlebot3_gazebo' build argument 'cmake_force_configure' from command line to 'False'
[1.323s] Level 5:colcon.colcon_core.verb:set package 'turtlebot3_gazebo' build argument 'ament_cmake_args' from command line to 'None'
[1.323s] Level 5:colcon.colcon_core.verb:set package 'turtlebot3_gazebo' build argument 'catkin_cmake_args' from command line to 'None'
[1.323s] Level 5:colcon.colcon_core.verb:set package 'turtlebot3_gazebo' build argument 'catkin_skip_building_tests' from command line to 'False'
[1.323s] DEBUG:colcon.colcon_core.verb:Building package 'turtlebot3_gazebo' with the following arguments: {'ament_cmake_args': None, 'build_base': '/home/ayush/turtlebot3_ws/build/turtlebot3_gazebo', 'catkin_cmake_args': None, 'catkin_skip_building_tests': False, 'cmake_args': None, 'cmake_clean_cache': False, 'cmake_clean_first': False, 'cmake_force_configure': False, 'cmake_target': None, 'cmake_target_skip_unavailable': False, 'install_base': '/home/ayush/turtlebot3_ws/install/turtlebot3_gazebo', 'merge_install': False, 'path': '/home/ayush/turtlebot3_ws/src/turtlebot3_gazebo', 'symlink_install': False, 'test_result_base': None}
[1.335s] Level 5:colcon.colcon_core.verb:set package 'turtlebot3_simulations' build argument 'cmake_args' from command line to 'None'
[1.335s] Level 5:colcon.colcon_core.verb:set package 'turtlebot3_simulations' build argument 'cmake_target' from command line to 'None'
[1.335s] Level 5:colcon.colcon_core.verb:set package 'turtlebot3_simulations' build argument 'cmake_target_skip_unavailable' from command line to 'False'
[1.335s] Level 5:colcon.colcon_core.verb:set package 'turtlebot3_simulations' build argument 'cmake_clean_cache' from command line to 'False'
[1.335s] Level 5:colcon.colcon_core.verb:set package 'turtlebot3_simulations' build argument 'cmake_clean_first' from command line to 'False'
[1.335s] Level 5:colcon.colcon_core.verb:set package 'turtlebot3_simulations' build argument 'cmake_force_configure' from command line to 'False'
[1.335s] Level 5:colcon.colcon_core.verb:set package 'turtlebot3_simulations' build argument 'ament_cmake_args' from command line to 'None'
[1.335s] Level 5:colcon.colcon_core.verb:set package 'turtlebot3_simulations' build argument 'catkin_cmake_args' from command line to 'None'
[1.335s] Level 5:colcon.colcon_core.verb:set package 'turtlebot3_simulations' build argument 'catkin_skip_building_tests' from command line to 'False'
[1.335s] DEBUG:colcon.colcon_core.verb:Building package 'turtlebot3_simulations' with the following arguments: {'ament_cmake_args': None, 'build_base': '/home/ayush/turtlebot3_ws/build/turtlebot3_simulations', 'catkin_cmake_args': None, 'catkin_skip_building_tests': False, 'cmake_args': None, 'cmake_clean_cache': False, 'cmake_clean_first': False, 'cmake_force_configure': False, 'cmake_target': None, 'cmake_target_skip_unavailable': False, 'install_base': '/home/ayush/turtlebot3_ws/install/turtlebot3_simulations', 'merge_install': False, 'path': '/home/ayush/turtlebot3_ws/src/turtlebot3_simulations', 'symlink_install': False, 'test_result_base': None}
[1.347s] INFO:colcon.colcon_core.executor:Executing jobs using 'parallel' executor
[1.359s] DEBUG:colcon.colcon_parallel_executor.executor.parallel:run_until_complete
[1.360s] INFO:colcon.colcon_ros.task.ament_cmake.build:Building ROS package in '/home/ayush/turtlebot3_ws/src/turtlebot3_fake_node' with build type 'ament_cmake'
[1.360s] INFO:colcon.colcon_cmake.task.cmake.build:Building CMake package in '/home/ayush/turtlebot3_ws/src/turtlebot3_fake_node'
[1.385s] INFO:colcon.colcon_core.plugin_system:Skipping extension 'colcon_core.shell.bat': Not used on non-Windows systems
[1.385s] INFO:colcon.colcon_core.shell:Skip shell extension 'powershell' for command environment: Not usable outside of PowerShell
[1.385s] DEBUG:colcon.colcon_core.shell:Skip shell extension 'dsv' for command environment
[1.411s] INFO:colcon.colcon_ros.task.ament_cmake.build:Building ROS package in '/home/ayush/turtlebot3_ws/src/turtlebot3_gazebo' with build type 'ament_cmake'
[1.411s] INFO:colcon.colcon_cmake.task.cmake.build:Building CMake package in '/home/ayush/turtlebot3_ws/src/turtlebot3_gazebo'
[1.423s] INFO:colcon.colcon_core.shell:Skip shell extension 'powershell' for command environment: Not usable outside of PowerShell
[1.424s] DEBUG:colcon.colcon_core.shell:Skip shell extension 'dsv' for command environment
[1.451s] DEBUG:colcon.colcon_core.event_handler.log_command:Invoking command in '/home/ayush/turtlebot3_ws/build/turtlebot3_fake_node': CMAKE_PREFIX_PATH=/opt/ros/humble /usr/bin/cmake /home/ayush/turtlebot3_ws/src/turtlebot3_fake_node -DCMAKE_INSTALL_PREFIX=/home/ayush/turtlebot3_ws/install/turtlebot3_fake_node
[1.456s] DEBUG:colcon.colcon_core.event_handler.log_command:Invoking command in '/home/ayush/turtlebot3_ws/build/turtlebot3_gazebo': CMAKE_PREFIX_PATH=/opt/ros/humble /usr/bin/cmake /home/ayush/turtlebot3_ws/src/turtlebot3_gazebo -DCMAKE_INSTALL_PREFIX=/home/ayush/turtlebot3_ws/install/turtlebot3_gazebo
[2.974s] DEBUG:colcon.colcon_core.event_handler.log_command:Invoked command in '/home/ayush/turtlebot3_ws/build/turtlebot3_fake_node' returned '0': CMAKE_PREFIX_PATH=/opt/ros/humble /usr/bin/cmake /home/ayush/turtlebot3_ws/src/turtlebot3_fake_node -DCMAKE_INSTALL_PREFIX=/home/ayush/turtlebot3_ws/install/turtlebot3_fake_node
[2.976s] DEBUG:colcon.colcon_core.event_handler.log_command:Invoking command in '/home/ayush/turtlebot3_ws/build/turtlebot3_fake_node': CMAKE_PREFIX_PATH=/opt/ros/humble /usr/bin/cmake --build /home/ayush/turtlebot3_ws/build/turtlebot3_fake_node -- -j12 -l12
[3.574s] DEBUG:colcon.colcon_core.event_handler.log_command:Invoked command in '/home/ayush/turtlebot3_ws/build/turtlebot3_gazebo' returned '0': CMAKE_PREFIX_PATH=/opt/ros/humble /usr/bin/cmake /home/ayush/turtlebot3_ws/src/turtlebot3_gazebo -DCMAKE_INSTALL_PREFIX=/home/ayush/turtlebot3_ws/install/turtlebot3_gazebo
[3.576s] DEBUG:colcon.colcon_core.event_handler.log_command:Invoking command in '/home/ayush/turtlebot3_ws/build/turtlebot3_gazebo': CMAKE_PREFIX_PATH=/opt/ros/humble /usr/bin/cmake --build /home/ayush/turtlebot3_ws/build/turtlebot3_gazebo -- -j12 -l12
[12.352s] DEBUG:colcon.colcon_core.event_handler.log_command:Invoked command in '/home/ayush/turtlebot3_ws/build/turtlebot3_fake_node' returned '0': CMAKE_PREFIX_PATH=/opt/ros/humble /usr/bin/cmake --build /home/ayush/turtlebot3_ws/build/turtlebot3_fake_node -- -j12 -l12
[12.386s] DEBUG:colcon.colcon_core.event_handler.log_command:Invoking command in '/home/ayush/turtlebot3_ws/build/turtlebot3_fake_node': CMAKE_PREFIX_PATH=/opt/ros/humble /usr/bin/cmake --install /home/ayush/turtlebot3_ws/build/turtlebot3_fake_node
[12.416s] Level 1:colcon.colcon_core.environment:create_environment_scripts_only(turtlebot3_fake_node)
[12.417s] DEBUG:colcon.colcon_core.event_handler.log_command:Invoked command in '/home/ayush/turtlebot3_ws/build/turtlebot3_fake_node' returned '0': CMAKE_PREFIX_PATH=/opt/ros/humble /usr/bin/cmake --install /home/ayush/turtlebot3_ws/build/turtlebot3_fake_node
[12.526s] Level 1:colcon.colcon_core.environment:checking '/home/ayush/turtlebot3_ws/install/turtlebot3_fake_node' for CMake module files
[12.527s] Level 1:colcon.colcon_core.environment:checking '/home/ayush/turtlebot3_ws/install/turtlebot3_fake_node' for CMake config files
[12.527s] Level 1:colcon.colcon_core.shell:create_environment_hook('turtlebot3_fake_node', 'cmake_prefix_path')
[12.572s] INFO:colcon.colcon_core.shell:Creating environment hook '/home/ayush/turtlebot3_ws/install/turtlebot3_fake_node/share/turtlebot3_fake_node/hook/cmake_prefix_path.ps1'
[12.582s] INFO:colcon.colcon_core.shell:Creating environment descriptor '/home/ayush/turtlebot3_ws/install/turtlebot3_fake_node/share/turtlebot3_fake_node/hook/cmake_prefix_path.dsv'
[12.584s] INFO:colcon.colcon_core.shell:Creating environment hook '/home/ayush/turtlebot3_ws/install/turtlebot3_fake_node/share/turtlebot3_fake_node/hook/cmake_prefix_path.sh'
[12.588s] Level 1:colcon.colcon_core.environment:checking '/home/ayush/turtlebot3_ws/install/turtlebot3_fake_node/lib'
[12.588s] Level 1:colcon.colcon_core.environment:checking '/home/ayush/turtlebot3_ws/install/turtlebot3_fake_node/bin'
[12.588s] Level 1:colcon.colcon_core.environment:checking '/home/ayush/turtlebot3_ws/install/turtlebot3_fake_node/lib/pkgconfig/turtlebot3_fake_node.pc'
[12.591s] Level 1:colcon.colcon_core.environment:checking '/home/ayush/turtlebot3_ws/install/turtlebot3_fake_node/lib/python3.10/site-packages'
[12.591s] Level 1:colcon.colcon_core.environment:checking '/home/ayush/turtlebot3_ws/install/turtlebot3_fake_node/bin'
[12.617s] INFO:colcon.colcon_core.shell:Creating package script '/home/ayush/turtlebot3_ws/install/turtlebot3_fake_node/share/turtlebot3_fake_node/package.ps1'
[12.619s] INFO:colcon.colcon_core.shell:Creating package descriptor '/home/ayush/turtlebot3_ws/install/turtlebot3_fake_node/share/turtlebot3_fake_node/package.dsv'
[12.620s] INFO:colcon.colcon_core.shell:Creating package script '/home/ayush/turtlebot3_ws/install/turtlebot3_fake_node/share/turtlebot3_fake_node/package.sh'
[12.621s] INFO:colcon.colcon_core.shell:Creating package script '/home/ayush/turtlebot3_ws/install/turtlebot3_fake_node/share/turtlebot3_fake_node/package.bash'
[12.623s] INFO:colcon.colcon_core.shell:Creating package script '/home/ayush/turtlebot3_ws/install/turtlebot3_fake_node/share/turtlebot3_fake_node/package.zsh'
[12.624s] Level 1:colcon.colcon_core.environment:create_file_with_runtime_dependencies(/home/ayush/turtlebot3_ws/install/turtlebot3_fake_node/share/colcon-core/packages/turtlebot3_fake_node)
[12.680s] Level 1:colcon.colcon_core.environment:create_environment_scripts_only(turtlebot3_fake_node)
[12.693s] Level 1:colcon.colcon_core.environment:checking '/home/ayush/turtlebot3_ws/install/turtlebot3_fake_node' for CMake module files
[12.693s] Level 1:colcon.colcon_core.environment:checking '/home/ayush/turtlebot3_ws/install/turtlebot3_fake_node' for CMake config files
[12.693s] Level 1:colcon.colcon_core.shell:create_environment_hook('turtlebot3_fake_node', 'cmake_prefix_path')
[12.707s] INFO:colcon.colcon_core.shell:Creating environment hook '/home/ayush/turtlebot3_ws/install/turtlebot3_fake_node/share/turtlebot3_fake_node/hook/cmake_prefix_path.ps1'
[12.707s] INFO:colcon.colcon_core.shell:Creating environment descriptor '/home/ayush/turtlebot3_ws/install/turtlebot3_fake_node/share/turtlebot3_fake_node/hook/cmake_prefix_path.dsv'
[12.708s] INFO:colcon.colcon_core.shell:Creating environment hook '/home/ayush/turtlebot3_ws/install/turtlebot3_fake_node/share/turtlebot3_fake_node/hook/cmake_prefix_path.sh'
[12.708s] Level 1:colcon.colcon_core.environment:checking '/home/ayush/turtlebot3_ws/install/turtlebot3_fake_node/lib'
[12.708s] Level 1:colcon.colcon_core.environment:checking '/home/ayush/turtlebot3_ws/install/turtlebot3_fake_node/bin'
[12.709s] Level 1:colcon.colcon_core.environment:checking '/home/ayush/turtlebot3_ws/install/turtlebot3_fake_node/lib/pkgconfig/turtlebot3_fake_node.pc'
[12.709s] Level 1:colcon.colcon_core.environment:checking '/home/ayush/turtlebot3_ws/install/turtlebot3_fake_node/lib/python3.10/site-packages'
[12.709s] Level 1:colcon.colcon_core.environment:checking '/home/ayush/turtlebot3_ws/install/turtlebot3_fake_node/bin'
[12.723s] INFO:colcon.colcon_core.shell:Creating package script '/home/ayush/turtlebot3_ws/install/turtlebot3_fake_node/share/turtlebot3_fake_node/package.ps1'
[12.723s] INFO:colcon.colcon_core.shell:Creating package descriptor '/home/ayush/turtlebot3_ws/install/turtlebot3_fake_node/share/turtlebot3_fake_node/package.dsv'
[12.724s] INFO:colcon.colcon_core.shell:Creating package script '/home/ayush/turtlebot3_ws/install/turtlebot3_fake_node/share/turtlebot3_fake_node/package.sh'
[12.724s] INFO:colcon.colcon_core.shell:Creating package script '/home/ayush/turtlebot3_ws/install/turtlebot3_fake_node/share/turtlebot3_fake_node/package.bash'
[12.725s] INFO:colcon.colcon_core.shell:Creating package script '/home/ayush/turtlebot3_ws/install/turtlebot3_fake_node/share/turtlebot3_fake_node/package.zsh'
[12.725s] Level 1:colcon.colcon_core.environment:create_file_with_runtime_dependencies(/home/ayush/turtlebot3_ws/install/turtlebot3_fake_node/share/colcon-core/packages/turtlebot3_fake_node)
[15.480s] DEBUG:colcon.colcon_core.event_handler.log_command:Invoked command in '/home/ayush/turtlebot3_ws/build/turtlebot3_gazebo' returned '0': CMAKE_PREFIX_PATH=/opt/ros/humble /usr/bin/cmake --build /home/ayush/turtlebot3_ws/build/turtlebot3_gazebo -- -j12 -l12
[15.514s] DEBUG:colcon.colcon_core.event_handler.log_command:Invoking command in '/home/ayush/turtlebot3_ws/build/turtlebot3_gazebo': CMAKE_PREFIX_PATH=/opt/ros/humble /usr/bin/cmake --install /home/ayush/turtlebot3_ws/build/turtlebot3_gazebo
[15.553s] Level 1:colcon.colcon_core.environment:create_environment_scripts_only(turtlebot3_gazebo)
[15.553s] DEBUG:colcon.colcon_core.event_handler.log_command:Invoked command in '/home/ayush/turtlebot3_ws/build/turtlebot3_gazebo' returned '0': CMAKE_PREFIX_PATH=/opt/ros/humble /usr/bin/cmake --install /home/ayush/turtlebot3_ws/build/turtlebot3_gazebo
[15.566s] Level 1:colcon.colcon_core.environment:checking '/home/ayush/turtlebot3_ws/install/turtlebot3_gazebo' for CMake module files
[15.566s] Level 1:colcon.colcon_core.environment:checking '/home/ayush/turtlebot3_ws/install/turtlebot3_gazebo' for CMake config files
[15.567s] Level 1:colcon.colcon_core.shell:create_environment_hook('turtlebot3_gazebo', 'cmake_prefix_path')
[15.579s] INFO:colcon.colcon_core.shell:Creating environment hook '/home/ayush/turtlebot3_ws/install/turtlebot3_gazebo/share/turtlebot3_gazebo/hook/cmake_prefix_path.ps1'
[15.579s] INFO:colcon.colcon_core.shell:Creating environment descriptor '/home/ayush/turtlebot3_ws/install/turtlebot3_gazebo/share/turtlebot3_gazebo/hook/cmake_prefix_path.dsv'
[15.580s] INFO:colcon.colcon_core.shell:Creating environment hook '/home/ayush/turtlebot3_ws/install/turtlebot3_gazebo/share/turtlebot3_gazebo/hook/cmake_prefix_path.sh'
[15.580s] Level 1:colcon.colcon_core.environment:checking '/home/ayush/turtlebot3_ws/install/turtlebot3_gazebo/lib'
[15.580s] Level 1:colcon.colcon_core.environment:checking '/home/ayush/turtlebot3_ws/install/turtlebot3_gazebo/bin'
[15.580s] Level 1:colcon.colcon_core.environment:checking '/home/ayush/turtlebot3_ws/install/turtlebot3_gazebo/lib/pkgconfig/turtlebot3_gazebo.pc'
[15.580s] Level 1:colcon.colcon_core.environment:checking '/home/ayush/turtlebot3_ws/install/turtlebot3_gazebo/lib/python3.10/site-packages'
[15.580s] Level 1:colcon.colcon_core.environment:checking '/home/ayush/turtlebot3_ws/install/turtlebot3_gazebo/bin'
[15.592s] INFO:colcon.colcon_core.shell:Creating package script '/home/ayush/turtlebot3_ws/install/turtlebot3_gazebo/share/turtlebot3_gazebo/package.ps1'
[15.593s] INFO:colcon.colcon_core.shell:Creating package descriptor '/home/ayush/turtlebot3_ws/install/turtlebot3_gazebo/share/turtlebot3_gazebo/package.dsv'
[15.593s] INFO:colcon.colcon_core.shell:Creating package script '/home/ayush/turtlebot3_ws/install/turtlebot3_gazebo/share/turtlebot3_gazebo/package.sh'
[15.593s] INFO:colcon.colcon_core.shell:Creating package script '/home/ayush/turtlebot3_ws/install/turtlebot3_gazebo/share/turtlebot3_gazebo/package.bash'
[15.593s] INFO:colcon.colcon_core.shell:Creating package script '/home/ayush/turtlebot3_ws/install/turtlebot3_gazebo/share/turtlebot3_gazebo/package.zsh'
[15.594s] Level 1:colcon.colcon_core.environment:create_file_with_runtime_dependencies(/home/ayush/turtlebot3_ws/install/turtlebot3_gazebo/share/colcon-core/packages/turtlebot3_gazebo)
[15.641s] Level 1:colcon.colcon_core.environment:create_environment_scripts_only(turtlebot3_gazebo)
[15.653s] Level 1:colcon.colcon_core.environment:checking '/home/ayush/turtlebot3_ws/install/turtlebot3_gazebo' for CMake module files
[15.654s] Level 1:colcon.colcon_core.environment:checking '/home/ayush/turtlebot3_ws/install/turtlebot3_gazebo' for CMake config files
[15.654s] Level 1:colcon.colcon_core.shell:create_environment_hook('turtlebot3_gazebo', 'cmake_prefix_path')
[15.666s] INFO:colcon.colcon_core.shell:Creating environment hook '/home/ayush/turtlebot3_ws/install/turtlebot3_gazebo/share/turtlebot3_gazebo/hook/cmake_prefix_path.ps1'
[15.666s] INFO:colcon.colcon_core.shell:Creating environment descriptor '/home/ayush/turtlebot3_ws/install/turtlebot3_gazebo/share/turtlebot3_gazebo/hook/cmake_prefix_path.dsv'
[15.667s] INFO:colcon.colcon_core.shell:Creating environment hook '/home/ayush/turtlebot3_ws/install/turtlebot3_gazebo/share/turtlebot3_gazebo/hook/cmake_prefix_path.sh'
[15.667s] Level 1:colcon.colcon_core.environment:checking '/home/ayush/turtlebot3_ws/install/turtlebot3_gazebo/lib'
[15.667s] Level 1:colcon.colcon_core.environment:checking '/home/ayush/turtlebot3_ws/install/turtlebot3_gazebo/bin'
[15.667s] Level 1:colcon.colcon_core.environment:checking '/home/ayush/turtlebot3_ws/install/turtlebot3_gazebo/lib/pkgconfig/turtlebot3_gazebo.pc'
[15.667s] Level 1:colcon.colcon_core.environment:checking '/home/ayush/turtlebot3_ws/install/turtlebot3_gazebo/lib/python3.10/site-packages'
[15.667s] Level 1:colcon.colcon_core.environment:checking '/home/ayush/turtlebot3_ws/install/turtlebot3_gazebo/bin'
[15.679s] INFO:colcon.colcon_core.shell:Creating package script '/home/ayush/turtlebot3_ws/install/turtlebot3_gazebo/share/turtlebot3_gazebo/package.ps1'
[15.680s] INFO:colcon.colcon_core.shell:Creating package descriptor '/home/ayush/turtlebot3_ws/install/turtlebot3_gazebo/share/turtlebot3_gazebo/package.dsv'
[15.680s] INFO:colcon.colcon_core.shell:Creating package script '/home/ayush/turtlebot3_ws/install/turtlebot3_gazebo/share/turtlebot3_gazebo/package.sh'
[15.680s] INFO:colcon.colcon_core.shell:Creating package script '/home/ayush/turtlebot3_ws/install/turtlebot3_gazebo/share/turtlebot3_gazebo/package.bash'
[15.681s] INFO:colcon.colcon_core.shell:Creating package script '/home/ayush/turtlebot3_ws/install/turtlebot3_gazebo/share/turtlebot3_gazebo/package.zsh'
[15.681s] Level 1:colcon.colcon_core.environment:create_file_with_runtime_dependencies(/home/ayush/turtlebot3_ws/install/turtlebot3_gazebo/share/colcon-core/packages/turtlebot3_gazebo)
[15.683s] INFO:colcon.colcon_ros.task.ament_cmake.build:Building ROS package in '/home/ayush/turtlebot3_ws/src/turtlebot3_simulations' with build type 'ament_cmake'
[15.683s] INFO:colcon.colcon_cmake.task.cmake.build:Building CMake package in '/home/ayush/turtlebot3_ws/src/turtlebot3_simulations'
[15.697s] INFO:colcon.colcon_core.shell:Skip shell extension 'powershell' for command environment: Not usable outside of PowerShell
[15.697s] DEBUG:colcon.colcon_core.shell:Skip shell extension 'dsv' for command environment
[15.735s] DEBUG:colcon.colcon_core.event_handler.log_command:Invoking command in '/home/ayush/turtlebot3_ws/build/turtlebot3_simulations': AMENT_PREFIX_PATH=/home/ayush/turtlebot3_ws/install/turtlebot3_gazebo:/home/ayush/turtlebot3_ws/install/turtlebot3_fake_node:${AMENT_PREFIX_PATH} CMAKE_PREFIX_PATH=/home/ayush/turtlebot3_ws/install/turtlebot3_gazebo:/home/ayush/turtlebot3_ws/install/turtlebot3_fake_node:/opt/ros/humble /usr/bin/cmake /home/ayush/turtlebot3_ws/src/turtlebot3_simulations -DCMAKE_INSTALL_PREFIX=/home/ayush/turtlebot3_ws/install/turtlebot3_simulations
[16.347s] DEBUG:colcon.colcon_core.event_handler.log_command:Invoked command in '/home/ayush/turtlebot3_ws/build/turtlebot3_simulations' returned '0': AMENT_PREFIX_PATH=/home/ayush/turtlebot3_ws/install/turtlebot3_gazebo:/home/ayush/turtlebot3_ws/install/turtlebot3_fake_node:${AMENT_PREFIX_PATH} CMAKE_PREFIX_PATH=/home/ayush/turtlebot3_ws/install/turtlebot3_gazebo:/home/ayush/turtlebot3_ws/install/turtlebot3_fake_node:/opt/ros/humble /usr/bin/cmake /home/ayush/turtlebot3_ws/src/turtlebot3_simulations -DCMAKE_INSTALL_PREFIX=/home/ayush/turtlebot3_ws/install/turtlebot3_simulations
[16.348s] DEBUG:colcon.colcon_core.event_handler.log_command:Invoking command in '/home/ayush/turtlebot3_ws/build/turtlebot3_simulations': AMENT_PREFIX_PATH=/home/ayush/turtlebot3_ws/install/turtlebot3_gazebo:/home/ayush/turtlebot3_ws/install/turtlebot3_fake_node:${AMENT_PREFIX_PATH} CMAKE_PREFIX_PATH=/home/ayush/turtlebot3_ws/install/turtlebot3_gazebo:/home/ayush/turtlebot3_ws/install/turtlebot3_fake_node:/opt/ros/humble /usr/bin/cmake --build /home/ayush/turtlebot3_ws/build/turtlebot3_simulations -- -j12 -l12
[16.380s] DEBUG:colcon.colcon_core.event_handler.log_command:Invoked command in '/home/ayush/turtlebot3_ws/build/turtlebot3_simulations' returned '0': AMENT_PREFIX_PATH=/home/ayush/turtlebot3_ws/install/turtlebot3_gazebo:/home/ayush/turtlebot3_ws/install/turtlebot3_fake_node:${AMENT_PREFIX_PATH} CMAKE_PREFIX_PATH=/home/ayush/turtlebot3_ws/install/turtlebot3_gazebo:/home/ayush/turtlebot3_ws/install/turtlebot3_fake_node:/opt/ros/humble /usr/bin/cmake --build /home/ayush/turtlebot3_ws/build/turtlebot3_simulations -- -j12 -l12
[16.401s] DEBUG:colcon.colcon_core.event_handler.log_command:Invoking command in '/home/ayush/turtlebot3_ws/build/turtlebot3_simulations': AMENT_PREFIX_PATH=/home/ayush/turtlebot3_ws/install/turtlebot3_gazebo:/home/ayush/turtlebot3_ws/install/turtlebot3_fake_node:${AMENT_PREFIX_PATH} CMAKE_PREFIX_PATH=/home/ayush/turtlebot3_ws/install/turtlebot3_gazebo:/home/ayush/turtlebot3_ws/install/turtlebot3_fake_node:/opt/ros/humble /usr/bin/cmake --install /home/ayush/turtlebot3_ws/build/turtlebot3_simulations
[16.410s] Level 1:colcon.colcon_core.environment:create_environment_scripts_only(turtlebot3_simulations)
[16.410s] DEBUG:colcon.colcon_core.event_handler.log_command:Invoked command in '/home/ayush/turtlebot3_ws/build/turtlebot3_simulations' returned '0': AMENT_PREFIX_PATH=/home/ayush/turtlebot3_ws/install/turtlebot3_gazebo:/home/ayush/turtlebot3_ws/install/turtlebot3_fake_node:${AMENT_PREFIX_PATH} CMAKE_PREFIX_PATH=/home/ayush/turtlebot3_ws/install/turtlebot3_gazebo:/home/ayush/turtlebot3_ws/install/turtlebot3_fake_node:/opt/ros/humble /usr/bin/cmake --install /home/ayush/turtlebot3_ws/build/turtlebot3_simulations
[16.423s] Level 1:colcon.colcon_core.environment:checking '/home/ayush/turtlebot3_ws/install/turtlebot3_simulations' for CMake module files
[16.423s] Level 1:colcon.colcon_core.environment:checking '/home/ayush/turtlebot3_ws/install/turtlebot3_simulations' for CMake config files
[16.424s] Level 1:colcon.colcon_core.shell:create_environment_hook('turtlebot3_simulations', 'cmake_prefix_path')
[16.435s] INFO:colcon.colcon_core.shell:Creating environment hook '/home/ayush/turtlebot3_ws/install/turtlebot3_simulations/share/turtlebot3_simulations/hook/cmake_prefix_path.ps1'
[16.436s] INFO:colcon.colcon_core.shell:Creating environment descriptor '/home/ayush/turtlebot3_ws/install/turtlebot3_simulations/share/turtlebot3_simulations/hook/cmake_prefix_path.dsv'
[16.436s] INFO:colcon.colcon_core.shell:Creating environment hook '/home/ayush/turtlebot3_ws/install/turtlebot3_simulations/share/turtlebot3_simulations/hook/cmake_prefix_path.sh'
[16.436s] Level 1:colcon.colcon_core.environment:checking '/home/ayush/turtlebot3_ws/install/turtlebot3_simulations/bin'
[16.436s] Level 1:colcon.colcon_core.environment:checking '/home/ayush/turtlebot3_ws/install/turtlebot3_simulations/lib/pkgconfig/turtlebot3_simulations.pc'
[16.437s] Level 1:colcon.colcon_core.environment:checking '/home/ayush/turtlebot3_ws/install/turtlebot3_simulations/lib/python3.10/site-packages'
[16.437s] Level 1:colcon.colcon_core.environment:checking '/home/ayush/turtlebot3_ws/install/turtlebot3_simulations/bin'
[16.449s] INFO:colcon.colcon_core.shell:Creating package script '/home/ayush/turtlebot3_ws/install/turtlebot3_simulations/share/turtlebot3_simulations/package.ps1'
[16.450s] INFO:colcon.colcon_core.shell:Creating package descriptor '/home/ayush/turtlebot3_ws/install/turtlebot3_simulations/share/turtlebot3_simulations/package.dsv'
[16.450s] INFO:colcon.colcon_core.shell:Creating package script '/home/ayush/turtlebot3_ws/install/turtlebot3_simulations/share/turtlebot3_simulations/package.sh'
[16.450s] INFO:colcon.colcon_core.shell:Creating package script '/home/ayush/turtlebot3_ws/install/turtlebot3_simulations/share/turtlebot3_simulations/package.bash'
[16.450s] INFO:colcon.colcon_core.shell:Creating package script '/home/ayush/turtlebot3_ws/install/turtlebot3_simulations/share/turtlebot3_simulations/package.zsh'
[16.450s] Level 1:colcon.colcon_core.environment:create_file_with_runtime_dependencies(/home/ayush/turtlebot3_ws/install/turtlebot3_simulations/share/colcon-core/packages/turtlebot3_simulations)
[16.484s] Level 1:colcon.colcon_core.environment:create_environment_scripts_only(turtlebot3_simulations)
[16.496s] Level 1:colcon.colcon_core.environment:checking '/home/ayush/turtlebot3_ws/install/turtlebot3_simulations' for CMake module files
[16.497s] Level 1:colcon.colcon_core.environment:checking '/home/ayush/turtlebot3_ws/install/turtlebot3_simulations' for CMake config files
[16.497s] Level 1:colcon.colcon_core.shell:create_environment_hook('turtlebot3_simulations', 'cmake_prefix_path')
[16.509s] INFO:colcon.colcon_core.shell:Creating environment hook '/home/ayush/turtlebot3_ws/install/turtlebot3_simulations/share/turtlebot3_simulations/hook/cmake_prefix_path.ps1'
[16.509s] INFO:colcon.colcon_core.shell:Creating environment descriptor '/home/ayush/turtlebot3_ws/install/turtlebot3_simulations/share/turtlebot3_simulations/hook/cmake_prefix_path.dsv'
[16.509s] INFO:colcon.colcon_core.shell:Creating environment hook '/home/ayush/turtlebot3_ws/install/turtlebot3_simulations/share/turtlebot3_simulations/hook/cmake_prefix_path.sh'
[16.510s] Level 1:colcon.colcon_core.environment:checking '/home/ayush/turtlebot3_ws/install/turtlebot3_simulations/bin'
[16.510s] Level 1:colcon.colcon_core.environment:checking '/home/ayush/turtlebot3_ws/install/turtlebot3_simulations/lib/pkgconfig/turtlebot3_simulations.pc'
[16.510s] Level 1:colcon.colcon_core.environment:checking '/home/ayush/turtlebot3_ws/install/turtlebot3_simulations/lib/python3.10/site-packages'
[16.510s] Level 1:colcon.colcon_core.environment:checking '/home/ayush/turtlebot3_ws/install/turtlebot3_simulations/bin'
[16.522s] INFO:colcon.colcon_core.shell:Creating package script '/home/ayush/turtlebot3_ws/install/turtlebot3_simulations/share/turtlebot3_simulations/package.ps1'
[16.522s] INFO:colcon.colcon_core.shell:Creating package descriptor '/home/ayush/turtlebot3_ws/install/turtlebot3_simulations/share/turtlebot3_simulations/package.dsv'
[16.523s] INFO:colcon.colcon_core.shell:Creating package script '/home/ayush/turtlebot3_ws/install/turtlebot3_simulations/share/turtlebot3_simulations/package.sh'
[16.523s] INFO:colcon.colcon_core.shell:Creating package script '/home/ayush/turtlebot3_ws/install/turtlebot3_simulations/share/turtlebot3_simulations/package.bash'
[16.523s] INFO:colcon.colcon_core.shell:Creating package script '/home/ayush/turtlebot3_ws/install/turtlebot3_simulations/share/turtlebot3_simulations/package.zsh'
[16.524s] Level 1:colcon.colcon_core.environment:create_file_with_runtime_dependencies(/home/ayush/turtlebot3_ws/install/turtlebot3_simulations/share/colcon-core/packages/turtlebot3_simulations)
[16.525s] DEBUG:colcon.colcon_parallel_executor.executor.parallel:closing loop
[16.526s] DEBUG:colcon.colcon_parallel_executor.executor.parallel:loop closed
[16.527s] DEBUG:colcon.colcon_parallel_executor.executor.parallel:run_until_complete finished with '0'
[16.527s] DEBUG:colcon.colcon_core.event_reactor:joining thread
[16.560s] INFO:colcon.colcon_core.plugin_system:Skipping extension 'colcon_notification.desktop_notification.terminal_notifier': Not used on non-Darwin systems
[16.560s] INFO:colcon.colcon_core.plugin_system:Skipping extension 'colcon_notification.desktop_notification.win32': Not used on non-Windows systems
[16.560s] INFO:colcon.colcon_notification.desktop_notification:Sending desktop notification using 'notify2'
[16.626s] DEBUG:colcon.colcon_core.event_reactor:joined thread
[16.644s] INFO:colcon.colcon_core.shell:Creating prefix script '/home/ayush/turtlebot3_ws/install/local_setup.ps1'
[16.644s] INFO:colcon.colcon_core.shell:Creating prefix util module '/home/ayush/turtlebot3_ws/install/_local_setup_util_ps1.py'
[16.645s] INFO:colcon.colcon_core.shell:Creating prefix chain script '/home/ayush/turtlebot3_ws/install/setup.ps1'
[16.658s] INFO:colcon.colcon_core.shell:Creating prefix script '/home/ayush/turtlebot3_ws/install/local_setup.sh'
[16.659s] INFO:colcon.colcon_core.shell:Creating prefix util module '/home/ayush/turtlebot3_ws/install/_local_setup_util_sh.py'
[16.659s] INFO:colcon.colcon_core.shell:Creating prefix chain script '/home/ayush/turtlebot3_ws/install/setup.sh'
[16.672s] INFO:colcon.colcon_core.shell:Creating prefix script '/home/ayush/turtlebot3_ws/install/local_setup.bash'
[16.672s] INFO:colcon.colcon_core.shell:Creating prefix chain script '/home/ayush/turtlebot3_ws/install/setup.bash'
[16.685s] INFO:colcon.colcon_core.shell:Creating prefix script '/home/ayush/turtlebot3_ws/install/local_setup.zsh'
[16.685s] INFO:colcon.colcon_core.shell:Creating prefix chain script '/home/ayush/turtlebot3_ws/install/setup.zsh'
