[0.044s] Invoking command in '/home/ayush/turtlebot3_ws/build/turtlebot3_gazebo': CMAKE_PREFIX_PATH=/opt/ros/humble /usr/bin/cmake /home/ayush/turtlebot3_ws/src/turtlebot3_gazebo -DCMAKE_INSTALL_PREFIX=/home/ayush/turtlebot3_ws/install/turtlebot3_gazebo
[0.143s] -- The C compiler identification is GNU 11.4.0
[0.213s] -- The CXX compiler identification is GNU 11.4.0
[0.223s] -- Detecting C compiler ABI info
[0.282s] -- Detecting C compiler ABI info - done
[0.287s] -- Check for working C compiler: /usr/bin/cc - skipped
[0.288s] -- Detecting C compile features
[0.288s] -- Detecting C compile features - done
[0.291s] -- Detecting CXX compiler ABI info
[0.360s] -- Detecting CXX compiler ABI info - done
[0.365s] -- Check for working CXX compiler: /usr/bin/c++ - skipped
[0.365s] -- Detecting CXX compile features
[0.365s] -- Detecting CXX compile features - done
[0.369s] -- Found ament_cmake: 1.3.7 (/opt/ros/humble/share/ament_cmake/cmake)
[0.507s] -- Found Python3: /usr/bin/python3.10 (found version "3.10.12") found components: Interpreter 
[0.607s] [33mCMake Warning (dev) at /usr/share/cmake-3.22/Modules/FindPackageHandleStandardArgs.cmake:438 (message):
[0.607s]   The package name passed to `find_package_handle_standard_args` (PkgConfig)
[0.607s]   does not match the name of the calling package (gazebo).  This can lead to
[0.607s]   problems in calling code that expects `find_package` result variables
[0.607s]   (e.g., `_FOUND`) to follow a certain pattern.
[0.607s] Call Stack (most recent call first):
[0.607s]   /usr/share/cmake-3.22/Modules/FindPkgConfig.cmake:99 (find_package_handle_standard_args)
[0.607s]   /usr/lib/x86_64-linux-gnu/cmake/gazebo/gazebo-config.cmake:72 (include)
[0.607s]   CMakeLists.txt:23 (find_package)
[0.607s] This warning is for project developers.  Use -Wno-dev to suppress it.
[0.607s] [0m
[0.607s] -- Found PkgConfig: /usr/bin/pkg-config (found version "0.29.2") 
[0.612s] -- Checking for module 'bullet>=2.82'
[0.625s] --   Found bullet, version 3.05
[0.733s] -- Found fcl: /usr/include (found suitable version "0.7.0", minimum required is "0.5.0") 
[0.781s] -- Found assimp: /usr/include (found version "5.2.0") 
[0.808s] -- Found DART: /usr/include (Required is at least version "6.6") found components: dart 
[0.977s] -- Found Boost: /usr/lib/x86_64-linux-gnu/cmake/Boost-1.74.0/BoostConfig.cmake (found suitable version "1.74.0", minimum required is "1.40.0") found components: thread system filesystem program_options regex iostreams date_time 
[0.997s] -- Found Protobuf: /usr/lib/x86_64-linux-gnu/libprotobuf.so (found version "3.12.4") 
[1.002s] -- Looking for ignition-math6 -- found version 6.15.1
[1.011s] -- Searching for dependencies of ignition-math6
[1.013s] -- Looking for OGRE...
[1.013s] -- OGRE_PREFIX_WATCH changed.
[1.017s] -- Checking for module 'OGRE'
[1.030s] --   Found OGRE, version 1.9.0
[1.062s] -- Found Ogre Ghadamon (1.9.0)
[1.071s] -- Found OGRE: optimized;/usr/lib/x86_64-linux-gnu/libOgreMain.so;debug;/usr/lib/x86_64-linux-gnu/libOgreMain.so
[1.079s] -- Looking for OGRE_Paging...
[1.083s] -- Found OGRE_Paging: optimized;/usr/lib/x86_64-linux-gnu/libOgrePaging.so;debug;/usr/lib/x86_64-linux-gnu/libOgrePaging.so
[1.084s] -- Looking for OGRE_Terrain...
[1.087s] -- Found OGRE_Terrain: optimized;/usr/lib/x86_64-linux-gnu/libOgreTerrain.so;debug;/usr/lib/x86_64-linux-gnu/libOgreTerrain.so
[1.087s] -- Looking for OGRE_Property...
[1.091s] -- Found OGRE_Property: optimized;/usr/lib/x86_64-linux-gnu/libOgreProperty.so;debug;/usr/lib/x86_64-linux-gnu/libOgreProperty.so
[1.091s] -- Looking for OGRE_RTShaderSystem...
[1.095s] -- Found OGRE_RTShaderSystem: optimized;/usr/lib/x86_64-linux-gnu/libOgreRTShaderSystem.so;debug;/usr/lib/x86_64-linux-gnu/libOgreRTShaderSystem.so
[1.095s] -- Looking for OGRE_Volume...
[1.099s] -- Found OGRE_Volume: optimized;/usr/lib/x86_64-linux-gnu/libOgreVolume.so;debug;/usr/lib/x86_64-linux-gnu/libOgreVolume.so
[1.099s] -- Looking for OGRE_Overlay...
[1.102s] -- Found OGRE_Overlay: optimized;/usr/lib/x86_64-linux-gnu/libOgreOverlay.so;debug;/usr/lib/x86_64-linux-gnu/libOgreOverlay.so
[1.180s] -- Looking for ignition-math6 -- found version 6.15.1
[1.183s] -- Looking for ignition-transport8 -- found version 8.2.1
[1.183s] -- Searching for dependencies of ignition-transport8
[1.200s] -- Found Protobuf: /usr/lib/x86_64-linux-gnu/libprotobuf.so (found suitable version "3.12.4", minimum required is "3") 
[1.211s] -- Config-file not installed for ZeroMQ -- checking for pkg-config
[1.216s] -- Checking for module 'libzmq >= 4'
[1.231s] --   Found libzmq , version 4.3.4
[1.267s] -- Found ZeroMQ: TRUE (Required is at least version "4") 
[1.272s] -- Checking for module 'uuid'
[1.284s] --   Found uuid, version 2.37.2
[1.316s] -- Found UUID: TRUE  
[1.319s] -- Looking for ignition-msgs5 -- found version 5.8.1
[1.319s] -- Searching for dependencies of ignition-msgs5
[1.337s] -- Looking for ignition-math6 -- found version 6.15.1
[1.342s] -- Checking for module 'tinyxml2'
[1.354s] --   Found tinyxml2, version 9.0.0
[1.389s] -- Looking for ignition-msgs5 -- found version 5.8.1
[1.391s] -- Looking for ignition-common3 -- found version 3.14.0
[1.391s] -- Searching for dependencies of ignition-common3
[1.391s] -- Looking for dlfcn.h - found
[1.392s] -- Looking for libdl - found
[1.393s] -- Found DL: TRUE  
[1.403s] -- Found tinyobjloader: /usr/lib/x86_64-linux-gnu/cmake/tinyobjloader/tinyobjloader-config.cmake (found version "2.0.0") 
[1.404s] -- Searching for <ignition-common3> component [graphics]
[1.406s] -- Looking for ignition-common3-graphics -- found version 3.14.0
[1.406s] -- Searching for dependencies of ignition-common3-graphics
[1.407s] -- Looking for ignition-math6 -- found version 6.15.1
[1.410s] -- Looking for ignition-fuel_tools4 -- found version 4.4.0
[1.410s] -- Searching for dependencies of ignition-fuel_tools4
[1.485s] -- Found CURL: /usr/lib/x86_64-linux-gnu/libcurl.so (found version "7.81.0")  
[1.494s] -- Checking for module 'jsoncpp'
[1.506s] --   Found jsoncpp, version 1.9.5
[1.540s] -- Found JSONCPP: TRUE  
[1.546s] -- Checking for module 'libzip'
[1.559s] --   Found libzip, version 1.7.3
[1.593s] -- Found ZIP: TRUE  
[1.593s] -- Looking for ignition-common3 -- found version 3.14.0
[1.594s] -- Looking for ignition-math6 -- found version 6.15.1
[1.594s] -- Looking for ignition-msgs5 -- found version 5.8.1
[1.600s] -- Found gazebo_ros_pkgs: 3.7.0 (/opt/ros/humble/share/gazebo_ros_pkgs/cmake)
[1.602s] -- Found geometry_msgs: 4.2.3 (/opt/ros/humble/share/geometry_msgs/cmake)
[1.629s] -- Found rosidl_generator_c: 3.1.5 (/opt/ros/humble/share/rosidl_generator_c/cmake)
[1.633s] -- Found rosidl_adapter: 3.1.5 (/opt/ros/humble/share/rosidl_adapter/cmake)
[1.640s] -- Found rosidl_generator_cpp: 3.1.5 (/opt/ros/humble/share/rosidl_generator_cpp/cmake)
[1.651s] -- Using all available rosidl_typesupport_c: rosidl_typesupport_fastrtps_c;rosidl_typesupport_introspection_c
[1.666s] -- Using all available rosidl_typesupport_cpp: rosidl_typesupport_fastrtps_cpp;rosidl_typesupport_introspection_cpp
[1.755s] -- Found nav_msgs: 4.2.3 (/opt/ros/humble/share/nav_msgs/cmake)
[1.816s] -- Found rclcpp: 16.0.8 (/opt/ros/humble/share/rclcpp/cmake)
[1.862s] -- Found rmw_implementation_cmake: 6.1.1 (/opt/ros/humble/share/rmw_implementation_cmake/cmake)
[1.865s] -- Found rmw_cyclonedds_cpp: 1.3.4 (/opt/ros/humble/share/rmw_cyclonedds_cpp/cmake)
[1.889s] -- Using RMW implementation 'rmw_cyclonedds_cpp' as default
[1.897s] -- Found Threads: TRUE  
[1.991s] -- Found sensor_msgs: 4.2.3 (/opt/ros/humble/share/sensor_msgs/cmake)
[2.053s] -- Found tf2: 0.25.5 (/opt/ros/humble/share/tf2/cmake)
[2.117s] -- Configuring done
[2.150s] -- Generating done
[2.152s] -- Build files have been written to: /home/ayush/turtlebot3_ws/build/turtlebot3_gazebo
[2.163s] Invoked command in '/home/ayush/turtlebot3_ws/build/turtlebot3_gazebo' returned '0': CMAKE_PREFIX_PATH=/opt/ros/humble /usr/bin/cmake /home/ayush/turtlebot3_ws/src/turtlebot3_gazebo -DCMAKE_INSTALL_PREFIX=/home/ayush/turtlebot3_ws/install/turtlebot3_gazebo
[2.164s] Invoking command in '/home/ayush/turtlebot3_ws/build/turtlebot3_gazebo': CMAKE_PREFIX_PATH=/opt/ros/humble /usr/bin/cmake --build /home/ayush/turtlebot3_ws/build/turtlebot3_gazebo -- -j12 -l12
[2.215s] [ 50%] [32mBuilding CXX object CMakeFiles/turtlebot3_drive.dir/src/turtlebot3_drive.cpp.o[0m
[2.215s] [ 50%] [32mBuilding CXX object CMakeFiles/obstacle1.dir/models/turtlebot3_dqn_world/obstacle_plugin/obstacle1.cc.o[0m
[2.215s] [ 50%] [32mBuilding CXX object CMakeFiles/obstacles.dir/models/turtlebot3_dqn_world/obstacle_plugin/obstacles.cc.o[0m
[2.215s] [ 50%] [32mBuilding CXX object CMakeFiles/obstacle2.dir/models/turtlebot3_dqn_world/obstacle_plugin/obstacle2.cc.o[0m
[12.691s] [ 62%] [32m[1mLinking CXX executable turtlebot3_drive[0m
[13.213s] [ 62%] Built target turtlebot3_drive
[13.633s] [ 75%] [32m[1mLinking CXX shared library libobstacle2.so[0m
[13.747s] [ 87%] [32m[1mLinking CXX shared library libobstacle1.so[0m
[13.885s] [100%] [32m[1mLinking CXX shared library libobstacles.so[0m
[13.923s] [100%] Built target obstacle2
[13.958s] [100%] Built target obstacle1
[14.057s] [100%] Built target obstacles
[14.068s] Invoked command in '/home/ayush/turtlebot3_ws/build/turtlebot3_gazebo' returned '0': CMAKE_PREFIX_PATH=/opt/ros/humble /usr/bin/cmake --build /home/ayush/turtlebot3_ws/build/turtlebot3_gazebo -- -j12 -l12
[14.102s] Invoking command in '/home/ayush/turtlebot3_ws/build/turtlebot3_gazebo': CMAKE_PREFIX_PATH=/opt/ros/humble /usr/bin/cmake --install /home/ayush/turtlebot3_ws/build/turtlebot3_gazebo
[14.109s] -- Install configuration: ""
[14.109s] -- Installing: /home/ayush/turtlebot3_ws/install/turtlebot3_gazebo/lib/turtlebot3_gazebo/turtlebot3_drive
[14.116s] -- Set runtime path of "/home/ayush/turtlebot3_ws/install/turtlebot3_gazebo/lib/turtlebot3_gazebo/turtlebot3_drive" to ""
[14.116s] -- Installing: /home/ayush/turtlebot3_ws/install/turtlebot3_gazebo/share/turtlebot3_gazebo//launch
[14.117s] -- Installing: /home/ayush/turtlebot3_ws/install/turtlebot3_gazebo/share/turtlebot3_gazebo//launch/empty_world.launch.py
[14.117s] -- Installing: /home/ayush/turtlebot3_ws/install/turtlebot3_gazebo/share/turtlebot3_gazebo//launch/turtlebot3_dqn_stage4.launch.py
[14.117s] -- Installing: /home/ayush/turtlebot3_ws/install/turtlebot3_gazebo/share/turtlebot3_gazebo//launch/turtlebot3_dqn_stage1.launch.py
[14.117s] -- Installing: /home/ayush/turtlebot3_ws/install/turtlebot3_gazebo/share/turtlebot3_gazebo//launch/turtlebot3_dqn_stage2.launch.py
[14.118s] -- Installing: /home/ayush/turtlebot3_ws/install/turtlebot3_gazebo/share/turtlebot3_gazebo//launch/robot_state_publisher.launch.py
[14.118s] -- Installing: /home/ayush/turtlebot3_ws/install/turtlebot3_gazebo/share/turtlebot3_gazebo//launch/turtlebot3_world.launch.py
[14.118s] -- Installing: /home/ayush/turtlebot3_ws/install/turtlebot3_gazebo/share/turtlebot3_gazebo//launch/turtlebot3_dqn_stage3.launch.py
[14.118s] -- Installing: /home/ayush/turtlebot3_ws/install/turtlebot3_gazebo/share/turtlebot3_gazebo//launch/turtlebot3_house.launch.py
[14.119s] -- Installing: /home/ayush/turtlebot3_ws/install/turtlebot3_gazebo/share/turtlebot3_gazebo//launch/spawn_turtlebot3.launch.py
[14.119s] -- Installing: /home/ayush/turtlebot3_ws/install/turtlebot3_gazebo/share/turtlebot3_gazebo//models
[14.119s] -- Installing: /home/ayush/turtlebot3_ws/install/turtlebot3_gazebo/share/turtlebot3_gazebo//models/turtlebot3_world
[14.119s] -- Installing: /home/ayush/turtlebot3_ws/install/turtlebot3_gazebo/share/turtlebot3_gazebo//models/turtlebot3_world/model-1_4.sdf
[14.120s] -- Installing: /home/ayush/turtlebot3_ws/install/turtlebot3_gazebo/share/turtlebot3_gazebo//models/turtlebot3_world/meshes
[14.120s] -- Installing: /home/ayush/turtlebot3_ws/install/turtlebot3_gazebo/share/turtlebot3_gazebo//models/turtlebot3_world/meshes/wall.dae
[14.120s] -- Installing: /home/ayush/turtlebot3_ws/install/turtlebot3_gazebo/share/turtlebot3_gazebo//models/turtlebot3_world/meshes/hexagon.dae
[14.120s] -- Installing: /home/ayush/turtlebot3_ws/install/turtlebot3_gazebo/share/turtlebot3_gazebo//models/turtlebot3_world/model.sdf
[14.121s] -- Installing: /home/ayush/turtlebot3_ws/install/turtlebot3_gazebo/share/turtlebot3_gazebo//models/turtlebot3_world/model.config
[14.121s] -- Installing: /home/ayush/turtlebot3_ws/install/turtlebot3_gazebo/share/turtlebot3_gazebo//models/turtlebot3_waffle_pi
[14.121s] -- Installing: /home/ayush/turtlebot3_ws/install/turtlebot3_gazebo/share/turtlebot3_gazebo//models/turtlebot3_waffle_pi/model-1_4_.sdf
[14.121s] -- Installing: /home/ayush/turtlebot3_ws/install/turtlebot3_gazebo/share/turtlebot3_gazebo//models/turtlebot3_waffle_pi/model.sdf
[14.121s] -- Installing: /home/ayush/turtlebot3_ws/install/turtlebot3_gazebo/share/turtlebot3_gazebo//models/turtlebot3_waffle_pi/model.config
[14.121s] -- Installing: /home/ayush/turtlebot3_ws/install/turtlebot3_gazebo/share/turtlebot3_gazebo//models/turtlebot3_burger
[14.122s] -- Installing: /home/ayush/turtlebot3_ws/install/turtlebot3_gazebo/share/turtlebot3_gazebo//models/turtlebot3_burger/model-1_4.sdf
[14.122s] -- Installing: /home/ayush/turtlebot3_ws/install/turtlebot3_gazebo/share/turtlebot3_gazebo//models/turtlebot3_burger/model.sdf
[14.122s] -- Installing: /home/ayush/turtlebot3_ws/install/turtlebot3_gazebo/share/turtlebot3_gazebo//models/turtlebot3_burger/model.config
[14.122s] -- Installing: /home/ayush/turtlebot3_ws/install/turtlebot3_gazebo/share/turtlebot3_gazebo//models/turtlebot3_dqn_world
[14.122s] -- Installing: /home/ayush/turtlebot3_ws/install/turtlebot3_gazebo/share/turtlebot3_gazebo//models/turtlebot3_dqn_world/obstacle2
[14.123s] -- Installing: /home/ayush/turtlebot3_ws/install/turtlebot3_gazebo/share/turtlebot3_gazebo//models/turtlebot3_dqn_world/obstacle2/model.sdf
[14.123s] -- Installing: /home/ayush/turtlebot3_ws/install/turtlebot3_gazebo/share/turtlebot3_gazebo//models/turtlebot3_dqn_world/obstacle2/model.config
[14.123s] -- Installing: /home/ayush/turtlebot3_ws/install/turtlebot3_gazebo/share/turtlebot3_gazebo//models/turtlebot3_dqn_world/model.sdf
[14.123s] -- Installing: /home/ayush/turtlebot3_ws/install/turtlebot3_gazebo/share/turtlebot3_gazebo//models/turtlebot3_dqn_world/obstacle_plugin
[14.123s] -- Installing: /home/ayush/turtlebot3_ws/install/turtlebot3_gazebo/share/turtlebot3_gazebo//models/turtlebot3_dqn_world/obstacle_plugin/obstacle2.cc
[14.123s] -- Installing: /home/ayush/turtlebot3_ws/install/turtlebot3_gazebo/share/turtlebot3_gazebo//models/turtlebot3_dqn_world/obstacle_plugin/obstacle1.cc
[14.124s] -- Installing: /home/ayush/turtlebot3_ws/install/turtlebot3_gazebo/share/turtlebot3_gazebo//models/turtlebot3_dqn_world/obstacle_plugin/CMakeLists.txt
[14.124s] -- Installing: /home/ayush/turtlebot3_ws/install/turtlebot3_gazebo/share/turtlebot3_gazebo//models/turtlebot3_dqn_world/obstacle_plugin/obstacles.cc
[14.124s] -- Installing: /home/ayush/turtlebot3_ws/install/turtlebot3_gazebo/share/turtlebot3_gazebo//models/turtlebot3_dqn_world/model.config
[14.124s] -- Installing: /home/ayush/turtlebot3_ws/install/turtlebot3_gazebo/share/turtlebot3_gazebo//models/turtlebot3_dqn_world/inner_walls
[14.124s] -- Installing: /home/ayush/turtlebot3_ws/install/turtlebot3_gazebo/share/turtlebot3_gazebo//models/turtlebot3_dqn_world/inner_walls/model.sdf
[14.125s] -- Installing: /home/ayush/turtlebot3_ws/install/turtlebot3_gazebo/share/turtlebot3_gazebo//models/turtlebot3_dqn_world/inner_walls/model.config
[14.125s] -- Installing: /home/ayush/turtlebot3_ws/install/turtlebot3_gazebo/share/turtlebot3_gazebo//models/turtlebot3_dqn_world/obstacle1
[14.125s] -- Installing: /home/ayush/turtlebot3_ws/install/turtlebot3_gazebo/share/turtlebot3_gazebo//models/turtlebot3_dqn_world/obstacle1/model.sdf
[14.125s] -- Installing: /home/ayush/turtlebot3_ws/install/turtlebot3_gazebo/share/turtlebot3_gazebo//models/turtlebot3_dqn_world/obstacle1/model.config
[14.125s] -- Installing: /home/ayush/turtlebot3_ws/install/turtlebot3_gazebo/share/turtlebot3_gazebo//models/turtlebot3_dqn_world/goal_box
[14.125s] -- Installing: /home/ayush/turtlebot3_ws/install/turtlebot3_gazebo/share/turtlebot3_gazebo//models/turtlebot3_dqn_world/goal_box/model.sdf
[14.126s] -- Installing: /home/ayush/turtlebot3_ws/install/turtlebot3_gazebo/share/turtlebot3_gazebo//models/turtlebot3_dqn_world/goal_box/model.config
[14.126s] -- Installing: /home/ayush/turtlebot3_ws/install/turtlebot3_gazebo/share/turtlebot3_gazebo//models/turtlebot3_dqn_world/obstacles
[14.126s] -- Installing: /home/ayush/turtlebot3_ws/install/turtlebot3_gazebo/share/turtlebot3_gazebo//models/turtlebot3_dqn_world/obstacles/model.sdf
[14.126s] -- Installing: /home/ayush/turtlebot3_ws/install/turtlebot3_gazebo/share/turtlebot3_gazebo//models/turtlebot3_dqn_world/obstacles/model.config
[14.126s] -- Installing: /home/ayush/turtlebot3_ws/install/turtlebot3_gazebo/share/turtlebot3_gazebo//models/turtlebot3_common
[14.126s] -- Installing: /home/ayush/turtlebot3_ws/install/turtlebot3_gazebo/share/turtlebot3_gazebo//models/turtlebot3_common/meshes
[14.127s] -- Installing: /home/ayush/turtlebot3_ws/install/turtlebot3_gazebo/share/turtlebot3_gazebo//models/turtlebot3_common/meshes/lds.dae
[14.127s] -- Installing: /home/ayush/turtlebot3_ws/install/turtlebot3_gazebo/share/turtlebot3_gazebo//models/turtlebot3_common/meshes/waffle_pi_base.dae
[14.127s] -- Installing: /home/ayush/turtlebot3_ws/install/turtlebot3_gazebo/share/turtlebot3_gazebo//models/turtlebot3_common/meshes/burger_base.dae
[14.127s] -- Installing: /home/ayush/turtlebot3_ws/install/turtlebot3_gazebo/share/turtlebot3_gazebo//models/turtlebot3_common/meshes/tire.dae
[14.128s] -- Installing: /home/ayush/turtlebot3_ws/install/turtlebot3_gazebo/share/turtlebot3_gazebo//models/turtlebot3_common/meshes/waffle_base.dae
[14.128s] -- Installing: /home/ayush/turtlebot3_ws/install/turtlebot3_gazebo/share/turtlebot3_gazebo//models/turtlebot3_common/meshes/r200.dae
[14.129s] -- Installing: /home/ayush/turtlebot3_ws/install/turtlebot3_gazebo/share/turtlebot3_gazebo//models/turtlebot3_common/model.config
[14.129s] -- Installing: /home/ayush/turtlebot3_ws/install/turtlebot3_gazebo/share/turtlebot3_gazebo//models/turtlebot3_waffle
[14.129s] -- Installing: /home/ayush/turtlebot3_ws/install/turtlebot3_gazebo/share/turtlebot3_gazebo//models/turtlebot3_waffle/model-1_4.sdf
[14.130s] -- Installing: /home/ayush/turtlebot3_ws/install/turtlebot3_gazebo/share/turtlebot3_gazebo//models/turtlebot3_waffle/model.sdf
[14.130s] -- Installing: /home/ayush/turtlebot3_ws/install/turtlebot3_gazebo/share/turtlebot3_gazebo//models/turtlebot3_waffle/model.config
[14.130s] -- Installing: /home/ayush/turtlebot3_ws/install/turtlebot3_gazebo/share/turtlebot3_gazebo//models/turtlebot3_house
[14.130s] -- Installing: /home/ayush/turtlebot3_ws/install/turtlebot3_gazebo/share/turtlebot3_gazebo//models/turtlebot3_house/model.sdf
[14.131s] -- Installing: /home/ayush/turtlebot3_ws/install/turtlebot3_gazebo/share/turtlebot3_gazebo//models/turtlebot3_house/model.config
[14.131s] -- Installing: /home/ayush/turtlebot3_ws/install/turtlebot3_gazebo/share/turtlebot3_gazebo//rviz
[14.132s] -- Installing: /home/ayush/turtlebot3_ws/install/turtlebot3_gazebo/share/turtlebot3_gazebo//rviz/tb3_gazebo.rviz
[14.132s] -- Installing: /home/ayush/turtlebot3_ws/install/turtlebot3_gazebo/share/turtlebot3_gazebo//urdf
[14.132s] -- Installing: /home/ayush/turtlebot3_ws/install/turtlebot3_gazebo/share/turtlebot3_gazebo//urdf/turtlebot3_waffle_pi.urdf
[14.132s] -- Installing: /home/ayush/turtlebot3_ws/install/turtlebot3_gazebo/share/turtlebot3_gazebo//urdf/common_properties.urdf
[14.132s] -- Installing: /home/ayush/turtlebot3_ws/install/turtlebot3_gazebo/share/turtlebot3_gazebo//urdf/turtlebot3_waffle.urdf
[14.133s] -- Installing: /home/ayush/turtlebot3_ws/install/turtlebot3_gazebo/share/turtlebot3_gazebo//urdf/turtlebot3_burger.urdf
[14.133s] -- Installing: /home/ayush/turtlebot3_ws/install/turtlebot3_gazebo/share/turtlebot3_gazebo//worlds
[14.133s] -- Installing: /home/ayush/turtlebot3_ws/install/turtlebot3_gazebo/share/turtlebot3_gazebo//worlds/turtlebot3_dqn_stage1.world
[14.133s] -- Installing: /home/ayush/turtlebot3_ws/install/turtlebot3_gazebo/share/turtlebot3_gazebo//worlds/turtlebot3_house.world
[14.134s] -- Installing: /home/ayush/turtlebot3_ws/install/turtlebot3_gazebo/share/turtlebot3_gazebo//worlds/turtlebot3_dqn_stage4.world
[14.134s] -- Installing: /home/ayush/turtlebot3_ws/install/turtlebot3_gazebo/share/turtlebot3_gazebo//worlds/turtlebot3_dqn_stage2.world
[14.134s] -- Installing: /home/ayush/turtlebot3_ws/install/turtlebot3_gazebo/share/turtlebot3_gazebo//worlds/turtlebot3_world.world
[14.134s] -- Installing: /home/ayush/turtlebot3_ws/install/turtlebot3_gazebo/share/turtlebot3_gazebo//worlds/empty_world.world
[14.135s] -- Installing: /home/ayush/turtlebot3_ws/install/turtlebot3_gazebo/share/turtlebot3_gazebo//worlds/turtlebot3_dqn_stage3.world
[14.135s] -- Installing: /home/ayush/turtlebot3_ws/install/turtlebot3_gazebo/include/
[14.135s] -- Installing: /home/ayush/turtlebot3_ws/install/turtlebot3_gazebo/include//turtlebot3_gazebo
[14.135s] -- Installing: /home/ayush/turtlebot3_ws/install/turtlebot3_gazebo/include//turtlebot3_gazebo/turtlebot3_drive.hpp
[14.135s] -- Installing: /home/ayush/turtlebot3_ws/install/turtlebot3_gazebo/share/ament_index/resource_index/package_run_dependencies/turtlebot3_gazebo
[14.136s] -- Installing: /home/ayush/turtlebot3_ws/install/turtlebot3_gazebo/share/ament_index/resource_index/parent_prefix_path/turtlebot3_gazebo
[14.136s] -- Installing: /home/ayush/turtlebot3_ws/install/turtlebot3_gazebo/share/turtlebot3_gazebo/environment/ament_prefix_path.sh
[14.136s] -- Installing: /home/ayush/turtlebot3_ws/install/turtlebot3_gazebo/share/turtlebot3_gazebo/environment/ament_prefix_path.dsv
[14.137s] -- Installing: /home/ayush/turtlebot3_ws/install/turtlebot3_gazebo/share/turtlebot3_gazebo/environment/path.sh
[14.137s] -- Installing: /home/ayush/turtlebot3_ws/install/turtlebot3_gazebo/share/turtlebot3_gazebo/environment/path.dsv
[14.137s] -- Installing: /home/ayush/turtlebot3_ws/install/turtlebot3_gazebo/share/turtlebot3_gazebo/local_setup.bash
[14.137s] -- Installing: /home/ayush/turtlebot3_ws/install/turtlebot3_gazebo/share/turtlebot3_gazebo/local_setup.sh
[14.138s] -- Installing: /home/ayush/turtlebot3_ws/install/turtlebot3_gazebo/share/turtlebot3_gazebo/local_setup.zsh
[14.138s] -- Installing: /home/ayush/turtlebot3_ws/install/turtlebot3_gazebo/share/turtlebot3_gazebo/local_setup.dsv
[14.138s] -- Installing: /home/ayush/turtlebot3_ws/install/turtlebot3_gazebo/share/turtlebot3_gazebo/package.dsv
[14.139s] -- Installing: /home/ayush/turtlebot3_ws/install/turtlebot3_gazebo/share/ament_index/resource_index/packages/turtlebot3_gazebo
[14.139s] -- Installing: /home/ayush/turtlebot3_ws/install/turtlebot3_gazebo/share/turtlebot3_gazebo/cmake/ament_cmake_export_include_directories-extras.cmake
[14.139s] -- Installing: /home/ayush/turtlebot3_ws/install/turtlebot3_gazebo/share/turtlebot3_gazebo/cmake/ament_cmake_export_dependencies-extras.cmake
[14.139s] -- Installing: /home/ayush/turtlebot3_ws/install/turtlebot3_gazebo/share/turtlebot3_gazebo/cmake/turtlebot3_gazeboConfig.cmake
[14.139s] -- Installing: /home/ayush/turtlebot3_ws/install/turtlebot3_gazebo/share/turtlebot3_gazebo/cmake/turtlebot3_gazeboConfig-version.cmake
[14.140s] -- Installing: /home/ayush/turtlebot3_ws/install/turtlebot3_gazebo/share/turtlebot3_gazebo/package.xml
[14.142s] Invoked command in '/home/ayush/turtlebot3_ws/build/turtlebot3_gazebo' returned '0': CMAKE_PREFIX_PATH=/opt/ros/humble /usr/bin/cmake --install /home/ayush/turtlebot3_ws/build/turtlebot3_gazebo
